[2024-07-10 16:02:07] local.ERROR: require(D:\kuliah\Semester 6\Pemograman Web 2\web2_kelompok12_uas-main\routes/api.php): Failed to open stream: No such file or directory {"exception":"[object] (ErrorException(code: 0): require(D:\\kuliah\\Semester 6\\Pemograman Web 2\\web2_kelompok12_uas-main\\routes/api.php): Failed to open stream: No such file or directory at D:\\kuliah\\Semester 6\\Pemograman Web 2\\web2_kelompok12_uas-main\\vendor\\laravel\\framework\\src\\Illuminate\\Routing\\RouteFileRegistrar.php:35)
[stacktrace]
#0 D:\\kuliah\\Semester 6\\Pemograman Web 2\\web2_kelompok12_uas-main\\vendor\\laravel\\framework\\src\\Illuminate\\Foundation\\Bootstrap\\HandleExceptions.php(255): Illuminate\\Foundation\\Bootstrap\\HandleExceptions->handleError()
#1 D:\\kuliah\\Semester 6\\Pemograman Web 2\\web2_kelompok12_uas-main\\vendor\\laravel\\framework\\src\\Illuminate\\Routing\\RouteFileRegistrar.php(35): Illuminate\\Foundation\\Bootstrap\\HandleExceptions->Illuminate\\Foundation\\Bootstrap\\{closure}()
#2 D:\\kuliah\\Semester 6\\Pemograman Web 2\\web2_kelompok12_uas-main\\vendor\\laravel\\framework\\src\\Illuminate\\Routing\\RouteFileRegistrar.php(35): require('...')
#3 D:\\kuliah\\Semester 6\\Pemograman Web 2\\web2_kelompok12_uas-main\\vendor\\laravel\\framework\\src\\Illuminate\\Routing\\Router.php(511): Illuminate\\Routing\\RouteFileRegistrar->register()
#4 D:\\kuliah\\Semester 6\\Pemograman Web 2\\web2_kelompok12_uas-main\\vendor\\laravel\\framework\\src\\Illuminate\\Routing\\Router.php(465): Illuminate\\Routing\\Router->loadRoutes()
#5 D:\\kuliah\\Semester 6\\Pemograman Web 2\\web2_kelompok12_uas-main\\vendor\\laravel\\framework\\src\\Illuminate\\Routing\\RouteRegistrar.php(194): Illuminate\\Routing\\Router->group()
#6 D:\\kuliah\\Semester 6\\Pemograman Web 2\\web2_kelompok12_uas-main\\app\\Providers\\RouteServiceProvider.php(32): Illuminate\\Routing\\RouteRegistrar->group()
#7 D:\\kuliah\\Semester 6\\Pemograman Web 2\\web2_kelompok12_uas-main\\vendor\\laravel\\framework\\src\\Illuminate\\Container\\BoundMethod.php(36): App\\Providers\\RouteServiceProvider->App\\Providers\\{closure}()
#8 D:\\kuliah\\Semester 6\\Pemograman Web 2\\web2_kelompok12_uas-main\\vendor\\laravel\\framework\\src\\Illuminate\\Container\\Util.php(41): Illuminate\\Container\\BoundMethod::Illuminate\\Container\\{closure}()
#9 D:\\kuliah\\Semester 6\\Pemograman Web 2\\web2_kelompok12_uas-main\\vendor\\laravel\\framework\\src\\Illuminate\\Container\\BoundMethod.php(81): Illuminate\\Container\\Util::unwrapIfClosure()
#10 D:\\kuliah\\Semester 6\\Pemograman Web 2\\web2_kelompok12_uas-main\\vendor\\laravel\\framework\\src\\Illuminate\\Container\\BoundMethod.php(35): Illuminate\\Container\\BoundMethod::callBoundMethod()
#11 D:\\kuliah\\Semester 6\\Pemograman Web 2\\web2_kelompok12_uas-main\\vendor\\laravel\\framework\\src\\Illuminate\\Container\\Container.php(662): Illuminate\\Container\\BoundMethod::call()
#12 D:\\kuliah\\Semester 6\\Pemograman Web 2\\web2_kelompok12_uas-main\\vendor\\laravel\\framework\\src\\Illuminate\\Foundation\\Support\\Providers\\RouteServiceProvider.php(120): Illuminate\\Container\\Container->call()
#13 D:\\kuliah\\Semester 6\\Pemograman Web 2\\web2_kelompok12_uas-main\\vendor\\laravel\\framework\\src\\Illuminate\\Foundation\\Support\\Providers\\RouteServiceProvider.php(45): Illuminate\\Foundation\\Support\\Providers\\RouteServiceProvider->loadRoutes()
#14 D:\\kuliah\\Semester 6\\Pemograman Web 2\\web2_kelompok12_uas-main\\vendor\\laravel\\framework\\src\\Illuminate\\Container\\BoundMethod.php(36): Illuminate\\Foundation\\Support\\Providers\\RouteServiceProvider->Illuminate\\Foundation\\Support\\Providers\\{closure}()
#15 D:\\kuliah\\Semester 6\\Pemograman Web 2\\web2_kelompok12_uas-main\\vendor\\laravel\\framework\\src\\Illuminate\\Container\\Util.php(41): Illuminate\\Container\\BoundMethod::Illuminate\\Container\\{closure}()
#16 D:\\kuliah\\Semester 6\\Pemograman Web 2\\web2_kelompok12_uas-main\\vendor\\laravel\\framework\\src\\Illuminate\\Container\\BoundMethod.php(81): Illuminate\\Container\\Util::unwrapIfClosure()
#17 D:\\kuliah\\Semester 6\\Pemograman Web 2\\web2_kelompok12_uas-main\\vendor\\laravel\\framework\\src\\Illuminate\\Container\\BoundMethod.php(35): Illuminate\\Container\\BoundMethod::callBoundMethod()
#18 D:\\kuliah\\Semester 6\\Pemograman Web 2\\web2_kelompok12_uas-main\\vendor\\laravel\\framework\\src\\Illuminate\\Container\\Container.php(662): Illuminate\\Container\\BoundMethod::call()
#19 D:\\kuliah\\Semester 6\\Pemograman Web 2\\web2_kelompok12_uas-main\\vendor\\laravel\\framework\\src\\Illuminate\\Support\\ServiceProvider.php(119): Illuminate\\Container\\Container->call()
#20 D:\\kuliah\\Semester 6\\Pemograman Web 2\\web2_kelompok12_uas-main\\vendor\\laravel\\framework\\src\\Illuminate\\Foundation\\Application.php(1033): Illuminate\\Support\\ServiceProvider->callBootedCallbacks()
#21 D:\\kuliah\\Semester 6\\Pemograman Web 2\\web2_kelompok12_uas-main\\vendor\\laravel\\framework\\src\\Illuminate\\Foundation\\Application.php(1011): Illuminate\\Foundation\\Application->bootProvider()
#22 [internal function]: Illuminate\\Foundation\\Application->Illuminate\\Foundation\\{closure}()
#23 D:\\kuliah\\Semester 6\\Pemograman Web 2\\web2_kelompok12_uas-main\\vendor\\laravel\\framework\\src\\Illuminate\\Foundation\\Application.php(1010): array_walk()
#24 D:\\kuliah\\Semester 6\\Pemograman Web 2\\web2_kelompok12_uas-main\\vendor\\laravel\\framework\\src\\Illuminate\\Foundation\\Bootstrap\\BootProviders.php(17): Illuminate\\Foundation\\Application->boot()
#25 D:\\kuliah\\Semester 6\\Pemograman Web 2\\web2_kelompok12_uas-main\\vendor\\laravel\\framework\\src\\Illuminate\\Foundation\\Application.php(263): Illuminate\\Foundation\\Bootstrap\\BootProviders->bootstrap()
#26 D:\\kuliah\\Semester 6\\Pemograman Web 2\\web2_kelompok12_uas-main\\vendor\\laravel\\framework\\src\\Illuminate\\Foundation\\Console\\Kernel.php(447): Illuminate\\Foundation\\Application->bootstrapWith()
#27 D:\\kuliah\\Semester 6\\Pemograman Web 2\\web2_kelompok12_uas-main\\vendor\\laravel\\framework\\src\\Illuminate\\Foundation\\Console\\Kernel.php(199): Illuminate\\Foundation\\Console\\Kernel->bootstrap()
#28 D:\\kuliah\\Semester 6\\Pemograman Web 2\\web2_kelompok12_uas-main\\artisan(35): Illuminate\\Foundation\\Console\\Kernel->handle()
#29 {main}
"} 
[2024-07-10 16:10:34] local.ERROR: require(D:\kuliah\Semester 6\Pemograman Web 2\web2_kelompok12_uas-main\routes/api.php): Failed to open stream: No such file or directory {"exception":"[object] (ErrorException(code: 0): require(D:\\kuliah\\Semester 6\\Pemograman Web 2\\web2_kelompok12_uas-main\\routes/api.php): Failed to open stream: No such file or directory at D:\\kuliah\\Semester 6\\Pemograman Web 2\\web2_kelompok12_uas-main\\vendor\\laravel\\framework\\src\\Illuminate\\Routing\\RouteFileRegistrar.php:35)
[stacktrace]
#0 D:\\kuliah\\Semester 6\\Pemograman Web 2\\web2_kelompok12_uas-main\\vendor\\laravel\\framework\\src\\Illuminate\\Foundation\\Bootstrap\\HandleExceptions.php(255): Illuminate\\Foundation\\Bootstrap\\HandleExceptions->handleError()
#1 D:\\kuliah\\Semester 6\\Pemograman Web 2\\web2_kelompok12_uas-main\\vendor\\laravel\\framework\\src\\Illuminate\\Routing\\RouteFileRegistrar.php(35): Illuminate\\Foundation\\Bootstrap\\HandleExceptions->Illuminate\\Foundation\\Bootstrap\\{closure}()
#2 D:\\kuliah\\Semester 6\\Pemograman Web 2\\web2_kelompok12_uas-main\\vendor\\laravel\\framework\\src\\Illuminate\\Routing\\RouteFileRegistrar.php(35): require('...')
#3 D:\\kuliah\\Semester 6\\Pemograman Web 2\\web2_kelompok12_uas-main\\vendor\\laravel\\framework\\src\\Illuminate\\Routing\\Router.php(511): Illuminate\\Routing\\RouteFileRegistrar->register()
#4 D:\\kuliah\\Semester 6\\Pemograman Web 2\\web2_kelompok12_uas-main\\vendor\\laravel\\framework\\src\\Illuminate\\Routing\\Router.php(465): Illuminate\\Routing\\Router->loadRoutes()
#5 D:\\kuliah\\Semester 6\\Pemograman Web 2\\web2_kelompok12_uas-main\\vendor\\laravel\\framework\\src\\Illuminate\\Routing\\RouteRegistrar.php(194): Illuminate\\Routing\\Router->group()
#6 D:\\kuliah\\Semester 6\\Pemograman Web 2\\web2_kelompok12_uas-main\\app\\Providers\\RouteServiceProvider.php(32): Illuminate\\Routing\\RouteRegistrar->group()
#7 D:\\kuliah\\Semester 6\\Pemograman Web 2\\web2_kelompok12_uas-main\\vendor\\laravel\\framework\\src\\Illuminate\\Container\\BoundMethod.php(36): App\\Providers\\RouteServiceProvider->App\\Providers\\{closure}()
#8 D:\\kuliah\\Semester 6\\Pemograman Web 2\\web2_kelompok12_uas-main\\vendor\\laravel\\framework\\src\\Illuminate\\Container\\Util.php(41): Illuminate\\Container\\BoundMethod::Illuminate\\Container\\{closure}()
#9 D:\\kuliah\\Semester 6\\Pemograman Web 2\\web2_kelompok12_uas-main\\vendor\\laravel\\framework\\src\\Illuminate\\Container\\BoundMethod.php(81): Illuminate\\Container\\Util::unwrapIfClosure()
#10 D:\\kuliah\\Semester 6\\Pemograman Web 2\\web2_kelompok12_uas-main\\vendor\\laravel\\framework\\src\\Illuminate\\Container\\BoundMethod.php(35): Illuminate\\Container\\BoundMethod::callBoundMethod()
#11 D:\\kuliah\\Semester 6\\Pemograman Web 2\\web2_kelompok12_uas-main\\vendor\\laravel\\framework\\src\\Illuminate\\Container\\Container.php(662): Illuminate\\Container\\BoundMethod::call()
#12 D:\\kuliah\\Semester 6\\Pemograman Web 2\\web2_kelompok12_uas-main\\vendor\\laravel\\framework\\src\\Illuminate\\Foundation\\Support\\Providers\\RouteServiceProvider.php(120): Illuminate\\Container\\Container->call()
#13 D:\\kuliah\\Semester 6\\Pemograman Web 2\\web2_kelompok12_uas-main\\vendor\\laravel\\framework\\src\\Illuminate\\Foundation\\Support\\Providers\\RouteServiceProvider.php(45): Illuminate\\Foundation\\Support\\Providers\\RouteServiceProvider->loadRoutes()
#14 D:\\kuliah\\Semester 6\\Pemograman Web 2\\web2_kelompok12_uas-main\\vendor\\laravel\\framework\\src\\Illuminate\\Container\\BoundMethod.php(36): Illuminate\\Foundation\\Support\\Providers\\RouteServiceProvider->Illuminate\\Foundation\\Support\\Providers\\{closure}()
#15 D:\\kuliah\\Semester 6\\Pemograman Web 2\\web2_kelompok12_uas-main\\vendor\\laravel\\framework\\src\\Illuminate\\Container\\Util.php(41): Illuminate\\Container\\BoundMethod::Illuminate\\Container\\{closure}()
#16 D:\\kuliah\\Semester 6\\Pemograman Web 2\\web2_kelompok12_uas-main\\vendor\\laravel\\framework\\src\\Illuminate\\Container\\BoundMethod.php(81): Illuminate\\Container\\Util::unwrapIfClosure()
#17 D:\\kuliah\\Semester 6\\Pemograman Web 2\\web2_kelompok12_uas-main\\vendor\\laravel\\framework\\src\\Illuminate\\Container\\BoundMethod.php(35): Illuminate\\Container\\BoundMethod::callBoundMethod()
#18 D:\\kuliah\\Semester 6\\Pemograman Web 2\\web2_kelompok12_uas-main\\vendor\\laravel\\framework\\src\\Illuminate\\Container\\Container.php(662): Illuminate\\Container\\BoundMethod::call()
#19 D:\\kuliah\\Semester 6\\Pemograman Web 2\\web2_kelompok12_uas-main\\vendor\\laravel\\framework\\src\\Illuminate\\Support\\ServiceProvider.php(119): Illuminate\\Container\\Container->call()
#20 D:\\kuliah\\Semester 6\\Pemograman Web 2\\web2_kelompok12_uas-main\\vendor\\laravel\\framework\\src\\Illuminate\\Foundation\\Application.php(1033): Illuminate\\Support\\ServiceProvider->callBootedCallbacks()
#21 D:\\kuliah\\Semester 6\\Pemograman Web 2\\web2_kelompok12_uas-main\\vendor\\laravel\\framework\\src\\Illuminate\\Foundation\\Application.php(1011): Illuminate\\Foundation\\Application->bootProvider()
#22 [internal function]: Illuminate\\Foundation\\Application->Illuminate\\Foundation\\{closure}()
#23 D:\\kuliah\\Semester 6\\Pemograman Web 2\\web2_kelompok12_uas-main\\vendor\\laravel\\framework\\src\\Illuminate\\Foundation\\Application.php(1010): array_walk()
#24 D:\\kuliah\\Semester 6\\Pemograman Web 2\\web2_kelompok12_uas-main\\vendor\\laravel\\framework\\src\\Illuminate\\Foundation\\Bootstrap\\BootProviders.php(17): Illuminate\\Foundation\\Application->boot()
#25 D:\\kuliah\\Semester 6\\Pemograman Web 2\\web2_kelompok12_uas-main\\vendor\\laravel\\framework\\src\\Illuminate\\Foundation\\Application.php(263): Illuminate\\Foundation\\Bootstrap\\BootProviders->bootstrap()
#26 D:\\kuliah\\Semester 6\\Pemograman Web 2\\web2_kelompok12_uas-main\\vendor\\laravel\\framework\\src\\Illuminate\\Foundation\\Console\\Kernel.php(447): Illuminate\\Foundation\\Application->bootstrapWith()
#27 D:\\kuliah\\Semester 6\\Pemograman Web 2\\web2_kelompok12_uas-main\\vendor\\laravel\\framework\\src\\Illuminate\\Foundation\\Console\\Kernel.php(199): Illuminate\\Foundation\\Console\\Kernel->bootstrap()
#28 D:\\kuliah\\Semester 6\\Pemograman Web 2\\web2_kelompok12_uas-main\\artisan(35): Illuminate\\Foundation\\Console\\Kernel->handle()
#29 {main}
"} 
[2024-07-10 16:10:42] local.ERROR: require(D:\kuliah\Semester 6\Pemograman Web 2\web2_kelompok12_uas-main\routes/api.php): Failed to open stream: No such file or directory {"exception":"[object] (ErrorException(code: 0): require(D:\\kuliah\\Semester 6\\Pemograman Web 2\\web2_kelompok12_uas-main\\routes/api.php): Failed to open stream: No such file or directory at D:\\kuliah\\Semester 6\\Pemograman Web 2\\web2_kelompok12_uas-main\\vendor\\laravel\\framework\\src\\Illuminate\\Routing\\RouteFileRegistrar.php:35)
[stacktrace]
#0 D:\\kuliah\\Semester 6\\Pemograman Web 2\\web2_kelompok12_uas-main\\vendor\\laravel\\framework\\src\\Illuminate\\Foundation\\Bootstrap\\HandleExceptions.php(255): Illuminate\\Foundation\\Bootstrap\\HandleExceptions->handleError()
#1 D:\\kuliah\\Semester 6\\Pemograman Web 2\\web2_kelompok12_uas-main\\vendor\\laravel\\framework\\src\\Illuminate\\Routing\\RouteFileRegistrar.php(35): Illuminate\\Foundation\\Bootstrap\\HandleExceptions->Illuminate\\Foundation\\Bootstrap\\{closure}()
#2 D:\\kuliah\\Semester 6\\Pemograman Web 2\\web2_kelompok12_uas-main\\vendor\\laravel\\framework\\src\\Illuminate\\Routing\\RouteFileRegistrar.php(35): require('...')
#3 D:\\kuliah\\Semester 6\\Pemograman Web 2\\web2_kelompok12_uas-main\\vendor\\laravel\\framework\\src\\Illuminate\\Routing\\Router.php(511): Illuminate\\Routing\\RouteFileRegistrar->register()
#4 D:\\kuliah\\Semester 6\\Pemograman Web 2\\web2_kelompok12_uas-main\\vendor\\laravel\\framework\\src\\Illuminate\\Routing\\Router.php(465): Illuminate\\Routing\\Router->loadRoutes()
#5 D:\\kuliah\\Semester 6\\Pemograman Web 2\\web2_kelompok12_uas-main\\vendor\\laravel\\framework\\src\\Illuminate\\Routing\\RouteRegistrar.php(194): Illuminate\\Routing\\Router->group()
#6 D:\\kuliah\\Semester 6\\Pemograman Web 2\\web2_kelompok12_uas-main\\app\\Providers\\RouteServiceProvider.php(32): Illuminate\\Routing\\RouteRegistrar->group()
#7 D:\\kuliah\\Semester 6\\Pemograman Web 2\\web2_kelompok12_uas-main\\vendor\\laravel\\framework\\src\\Illuminate\\Container\\BoundMethod.php(36): App\\Providers\\RouteServiceProvider->App\\Providers\\{closure}()
#8 D:\\kuliah\\Semester 6\\Pemograman Web 2\\web2_kelompok12_uas-main\\vendor\\laravel\\framework\\src\\Illuminate\\Container\\Util.php(41): Illuminate\\Container\\BoundMethod::Illuminate\\Container\\{closure}()
#9 D:\\kuliah\\Semester 6\\Pemograman Web 2\\web2_kelompok12_uas-main\\vendor\\laravel\\framework\\src\\Illuminate\\Container\\BoundMethod.php(81): Illuminate\\Container\\Util::unwrapIfClosure()
#10 D:\\kuliah\\Semester 6\\Pemograman Web 2\\web2_kelompok12_uas-main\\vendor\\laravel\\framework\\src\\Illuminate\\Container\\BoundMethod.php(35): Illuminate\\Container\\BoundMethod::callBoundMethod()
#11 D:\\kuliah\\Semester 6\\Pemograman Web 2\\web2_kelompok12_uas-main\\vendor\\laravel\\framework\\src\\Illuminate\\Container\\Container.php(662): Illuminate\\Container\\BoundMethod::call()
#12 D:\\kuliah\\Semester 6\\Pemograman Web 2\\web2_kelompok12_uas-main\\vendor\\laravel\\framework\\src\\Illuminate\\Foundation\\Support\\Providers\\RouteServiceProvider.php(120): Illuminate\\Container\\Container->call()
#13 D:\\kuliah\\Semester 6\\Pemograman Web 2\\web2_kelompok12_uas-main\\vendor\\laravel\\framework\\src\\Illuminate\\Foundation\\Support\\Providers\\RouteServiceProvider.php(45): Illuminate\\Foundation\\Support\\Providers\\RouteServiceProvider->loadRoutes()
#14 D:\\kuliah\\Semester 6\\Pemograman Web 2\\web2_kelompok12_uas-main\\vendor\\laravel\\framework\\src\\Illuminate\\Container\\BoundMethod.php(36): Illuminate\\Foundation\\Support\\Providers\\RouteServiceProvider->Illuminate\\Foundation\\Support\\Providers\\{closure}()
#15 D:\\kuliah\\Semester 6\\Pemograman Web 2\\web2_kelompok12_uas-main\\vendor\\laravel\\framework\\src\\Illuminate\\Container\\Util.php(41): Illuminate\\Container\\BoundMethod::Illuminate\\Container\\{closure}()
#16 D:\\kuliah\\Semester 6\\Pemograman Web 2\\web2_kelompok12_uas-main\\vendor\\laravel\\framework\\src\\Illuminate\\Container\\BoundMethod.php(81): Illuminate\\Container\\Util::unwrapIfClosure()
#17 D:\\kuliah\\Semester 6\\Pemograman Web 2\\web2_kelompok12_uas-main\\vendor\\laravel\\framework\\src\\Illuminate\\Container\\BoundMethod.php(35): Illuminate\\Container\\BoundMethod::callBoundMethod()
#18 D:\\kuliah\\Semester 6\\Pemograman Web 2\\web2_kelompok12_uas-main\\vendor\\laravel\\framework\\src\\Illuminate\\Container\\Container.php(662): Illuminate\\Container\\BoundMethod::call()
#19 D:\\kuliah\\Semester 6\\Pemograman Web 2\\web2_kelompok12_uas-main\\vendor\\laravel\\framework\\src\\Illuminate\\Support\\ServiceProvider.php(119): Illuminate\\Container\\Container->call()
#20 D:\\kuliah\\Semester 6\\Pemograman Web 2\\web2_kelompok12_uas-main\\vendor\\laravel\\framework\\src\\Illuminate\\Foundation\\Application.php(1033): Illuminate\\Support\\ServiceProvider->callBootedCallbacks()
#21 D:\\kuliah\\Semester 6\\Pemograman Web 2\\web2_kelompok12_uas-main\\vendor\\laravel\\framework\\src\\Illuminate\\Foundation\\Application.php(1011): Illuminate\\Foundation\\Application->bootProvider()
#22 [internal function]: Illuminate\\Foundation\\Application->Illuminate\\Foundation\\{closure}()
#23 D:\\kuliah\\Semester 6\\Pemograman Web 2\\web2_kelompok12_uas-main\\vendor\\laravel\\framework\\src\\Illuminate\\Foundation\\Application.php(1010): array_walk()
#24 D:\\kuliah\\Semester 6\\Pemograman Web 2\\web2_kelompok12_uas-main\\vendor\\laravel\\framework\\src\\Illuminate\\Foundation\\Bootstrap\\BootProviders.php(17): Illuminate\\Foundation\\Application->boot()
#25 D:\\kuliah\\Semester 6\\Pemograman Web 2\\web2_kelompok12_uas-main\\vendor\\laravel\\framework\\src\\Illuminate\\Foundation\\Application.php(263): Illuminate\\Foundation\\Bootstrap\\BootProviders->bootstrap()
#26 D:\\kuliah\\Semester 6\\Pemograman Web 2\\web2_kelompok12_uas-main\\vendor\\laravel\\framework\\src\\Illuminate\\Foundation\\Console\\Kernel.php(447): Illuminate\\Foundation\\Application->bootstrapWith()
#27 D:\\kuliah\\Semester 6\\Pemograman Web 2\\web2_kelompok12_uas-main\\vendor\\laravel\\framework\\src\\Illuminate\\Foundation\\Console\\Kernel.php(199): Illuminate\\Foundation\\Console\\Kernel->bootstrap()
#28 D:\\kuliah\\Semester 6\\Pemograman Web 2\\web2_kelompok12_uas-main\\artisan(35): Illuminate\\Foundation\\Console\\Kernel->handle()
#29 {main}
"} 
[2024-07-11 04:03:17] local.ERROR: require(D:\kuliah\Semester 6\Pemograman Web 2\web2_kelompok12_uas-main\routes/api.php): Failed to open stream: No such file or directory {"exception":"[object] (ErrorException(code: 0): require(D:\\kuliah\\Semester 6\\Pemograman Web 2\\web2_kelompok12_uas-main\\routes/api.php): Failed to open stream: No such file or directory at D:\\kuliah\\Semester 6\\Pemograman Web 2\\web2_kelompok12_uas-main\\vendor\\laravel\\framework\\src\\Illuminate\\Routing\\RouteFileRegistrar.php:35)
[stacktrace]
#0 D:\\kuliah\\Semester 6\\Pemograman Web 2\\web2_kelompok12_uas-main\\vendor\\laravel\\framework\\src\\Illuminate\\Foundation\\Bootstrap\\HandleExceptions.php(255): Illuminate\\Foundation\\Bootstrap\\HandleExceptions->handleError()
#1 D:\\kuliah\\Semester 6\\Pemograman Web 2\\web2_kelompok12_uas-main\\vendor\\laravel\\framework\\src\\Illuminate\\Routing\\RouteFileRegistrar.php(35): Illuminate\\Foundation\\Bootstrap\\HandleExceptions->Illuminate\\Foundation\\Bootstrap\\{closure}()
#2 D:\\kuliah\\Semester 6\\Pemograman Web 2\\web2_kelompok12_uas-main\\vendor\\laravel\\framework\\src\\Illuminate\\Routing\\RouteFileRegistrar.php(35): require('...')
#3 D:\\kuliah\\Semester 6\\Pemograman Web 2\\web2_kelompok12_uas-main\\vendor\\laravel\\framework\\src\\Illuminate\\Routing\\Router.php(511): Illuminate\\Routing\\RouteFileRegistrar->register()
#4 D:\\kuliah\\Semester 6\\Pemograman Web 2\\web2_kelompok12_uas-main\\vendor\\laravel\\framework\\src\\Illuminate\\Routing\\Router.php(465): Illuminate\\Routing\\Router->loadRoutes()
#5 D:\\kuliah\\Semester 6\\Pemograman Web 2\\web2_kelompok12_uas-main\\vendor\\laravel\\framework\\src\\Illuminate\\Routing\\RouteRegistrar.php(194): Illuminate\\Routing\\Router->group()
#6 D:\\kuliah\\Semester 6\\Pemograman Web 2\\web2_kelompok12_uas-main\\app\\Providers\\RouteServiceProvider.php(32): Illuminate\\Routing\\RouteRegistrar->group()
#7 D:\\kuliah\\Semester 6\\Pemograman Web 2\\web2_kelompok12_uas-main\\vendor\\laravel\\framework\\src\\Illuminate\\Container\\BoundMethod.php(36): App\\Providers\\RouteServiceProvider->App\\Providers\\{closure}()
#8 D:\\kuliah\\Semester 6\\Pemograman Web 2\\web2_kelompok12_uas-main\\vendor\\laravel\\framework\\src\\Illuminate\\Container\\Util.php(41): Illuminate\\Container\\BoundMethod::Illuminate\\Container\\{closure}()
#9 D:\\kuliah\\Semester 6\\Pemograman Web 2\\web2_kelompok12_uas-main\\vendor\\laravel\\framework\\src\\Illuminate\\Container\\BoundMethod.php(81): Illuminate\\Container\\Util::unwrapIfClosure()
#10 D:\\kuliah\\Semester 6\\Pemograman Web 2\\web2_kelompok12_uas-main\\vendor\\laravel\\framework\\src\\Illuminate\\Container\\BoundMethod.php(35): Illuminate\\Container\\BoundMethod::callBoundMethod()
#11 D:\\kuliah\\Semester 6\\Pemograman Web 2\\web2_kelompok12_uas-main\\vendor\\laravel\\framework\\src\\Illuminate\\Container\\Container.php(662): Illuminate\\Container\\BoundMethod::call()
#12 D:\\kuliah\\Semester 6\\Pemograman Web 2\\web2_kelompok12_uas-main\\vendor\\laravel\\framework\\src\\Illuminate\\Foundation\\Support\\Providers\\RouteServiceProvider.php(120): Illuminate\\Container\\Container->call()
#13 D:\\kuliah\\Semester 6\\Pemograman Web 2\\web2_kelompok12_uas-main\\vendor\\laravel\\framework\\src\\Illuminate\\Foundation\\Support\\Providers\\RouteServiceProvider.php(45): Illuminate\\Foundation\\Support\\Providers\\RouteServiceProvider->loadRoutes()
#14 D:\\kuliah\\Semester 6\\Pemograman Web 2\\web2_kelompok12_uas-main\\vendor\\laravel\\framework\\src\\Illuminate\\Container\\BoundMethod.php(36): Illuminate\\Foundation\\Support\\Providers\\RouteServiceProvider->Illuminate\\Foundation\\Support\\Providers\\{closure}()
#15 D:\\kuliah\\Semester 6\\Pemograman Web 2\\web2_kelompok12_uas-main\\vendor\\laravel\\framework\\src\\Illuminate\\Container\\Util.php(41): Illuminate\\Container\\BoundMethod::Illuminate\\Container\\{closure}()
#16 D:\\kuliah\\Semester 6\\Pemograman Web 2\\web2_kelompok12_uas-main\\vendor\\laravel\\framework\\src\\Illuminate\\Container\\BoundMethod.php(81): Illuminate\\Container\\Util::unwrapIfClosure()
#17 D:\\kuliah\\Semester 6\\Pemograman Web 2\\web2_kelompok12_uas-main\\vendor\\laravel\\framework\\src\\Illuminate\\Container\\BoundMethod.php(35): Illuminate\\Container\\BoundMethod::callBoundMethod()
#18 D:\\kuliah\\Semester 6\\Pemograman Web 2\\web2_kelompok12_uas-main\\vendor\\laravel\\framework\\src\\Illuminate\\Container\\Container.php(662): Illuminate\\Container\\BoundMethod::call()
#19 D:\\kuliah\\Semester 6\\Pemograman Web 2\\web2_kelompok12_uas-main\\vendor\\laravel\\framework\\src\\Illuminate\\Support\\ServiceProvider.php(119): Illuminate\\Container\\Container->call()
#20 D:\\kuliah\\Semester 6\\Pemograman Web 2\\web2_kelompok12_uas-main\\vendor\\laravel\\framework\\src\\Illuminate\\Foundation\\Application.php(1033): Illuminate\\Support\\ServiceProvider->callBootedCallbacks()
#21 D:\\kuliah\\Semester 6\\Pemograman Web 2\\web2_kelompok12_uas-main\\vendor\\laravel\\framework\\src\\Illuminate\\Foundation\\Application.php(1011): Illuminate\\Foundation\\Application->bootProvider()
#22 [internal function]: Illuminate\\Foundation\\Application->Illuminate\\Foundation\\{closure}()
#23 D:\\kuliah\\Semester 6\\Pemograman Web 2\\web2_kelompok12_uas-main\\vendor\\laravel\\framework\\src\\Illuminate\\Foundation\\Application.php(1010): array_walk()
#24 D:\\kuliah\\Semester 6\\Pemograman Web 2\\web2_kelompok12_uas-main\\vendor\\laravel\\framework\\src\\Illuminate\\Foundation\\Bootstrap\\BootProviders.php(17): Illuminate\\Foundation\\Application->boot()
#25 D:\\kuliah\\Semester 6\\Pemograman Web 2\\web2_kelompok12_uas-main\\vendor\\laravel\\framework\\src\\Illuminate\\Foundation\\Application.php(263): Illuminate\\Foundation\\Bootstrap\\BootProviders->bootstrap()
#26 D:\\kuliah\\Semester 6\\Pemograman Web 2\\web2_kelompok12_uas-main\\vendor\\laravel\\framework\\src\\Illuminate\\Foundation\\Console\\Kernel.php(447): Illuminate\\Foundation\\Application->bootstrapWith()
#27 D:\\kuliah\\Semester 6\\Pemograman Web 2\\web2_kelompok12_uas-main\\vendor\\laravel\\framework\\src\\Illuminate\\Foundation\\Console\\Kernel.php(199): Illuminate\\Foundation\\Console\\Kernel->bootstrap()
#28 D:\\kuliah\\Semester 6\\Pemograman Web 2\\web2_kelompok12_uas-main\\artisan(35): Illuminate\\Foundation\\Console\\Kernel->handle()
#29 {main}
"} 
